{"C:\\Users\\nugra\\workspace\\project\\node-jest\\src\\app.ts": {"path":"C:\\Users\\nugra\\workspace\\project\\node-jest\\src\\app.ts","statementMap":{"0":{"start":{"line":1,"column":0},"end":{"line":1,"column":30}},"1":{"start":{"line":4,"column":13},"end":{"line":4,"column":29}},"2":{"start":{"line":6,"column":0},"end":{"line":6,"column":24}},"3":{"start":{"line":7,"column":0},"end":{"line":15,"column":3}},"4":{"start":{"line":8,"column":33},"end":{"line":8,"column":41}},"5":{"start":{"line":9,"column":2},"end":{"line":12,"column":3}},"6":{"start":{"line":10,"column":4},"end":{"line":10,"column":24}},"7":{"start":{"line":11,"column":4},"end":{"line":11,"column":11}},"8":{"start":{"line":14,"column":2},"end":{"line":14,"column":26}}},"fnMap":{"0":{"name":"(anonymous_1)","decl":{"start":{"line":7,"column":19},"end":{"line":7,"column":24}},"loc":{"start":{"line":7,"column":38},"end":{"line":15,"column":1}}}},"branchMap":{"0":{"loc":{"start":{"line":9,"column":2},"end":{"line":12,"column":3}},"type":"if","locations":[{"start":{"line":9,"column":2},"end":{"line":12,"column":3}},{"start":{},"end":{}}]},"1":{"loc":{"start":{"line":9,"column":6},"end":{"line":9,"column":28}},"type":"binary-expr","locations":[{"start":{"line":9,"column":6},"end":{"line":9,"column":15}},{"start":{"line":9,"column":19},"end":{"line":9,"column":28}}]}},"s":{"0":1,"1":1,"2":1,"3":1,"4":6,"5":6,"6":3,"7":3,"8":3},"f":{"0":6},"b":{"0":[3,3],"1":[6,4]}}
,"C:\\Users\\nugra\\workspace\\project\\node-jest\\src\\calculator.ts": {"path":"C:\\Users\\nugra\\workspace\\project\\node-jest\\src\\calculator.ts","statementMap":{"0":{"start":{"line":3,"column":4},"end":{"line":3,"column":17}},"1":{"start":{"line":7,"column":4},"end":{"line":7,"column":17}},"2":{"start":{"line":1,"column":0},"end":{"line":1,"column":13}}},"fnMap":{"0":{"name":"(anonymous_0)","decl":{"start":{"line":2,"column":2},"end":{"line":2,"column":5}},"loc":{"start":{"line":2,"column":26},"end":{"line":4,"column":3}}},"1":{"name":"(anonymous_1)","decl":{"start":{"line":6,"column":2},"end":{"line":6,"column":10}},"loc":{"start":{"line":6,"column":31},"end":{"line":8,"column":3}}}},"branchMap":{},"s":{"0":3,"1":3,"2":1},"f":{"0":3,"1":3},"b":{}}
,"C:\\Users\\nugra\\workspace\\project\\node-jest\\src\\db.ts": {"path":"C:\\Users\\nugra\\workspace\\project\\node-jest\\src\\db.ts","statementMap":{"0":{"start":{"line":4,"column":4},"end":{"line":4,"column":38}},"1":{"start":{"line":9,"column":4},"end":{"line":9,"column":56}},"2":{"start":{"line":1,"column":0},"end":{"line":1,"column":13}}},"fnMap":{"0":{"name":"(anonymous_0)","decl":{"start":{"line":2,"column":2},"end":{"line":2,"column":7}},"loc":{"start":{"line":2,"column":26},"end":{"line":5,"column":3}}},"1":{"name":"(anonymous_1)","decl":{"start":{"line":7,"column":2},"end":{"line":7,"column":7}},"loc":{"start":{"line":7,"column":51},"end":{"line":10,"column":3}}}},"branchMap":{},"s":{"0":3,"1":3,"2":4},"f":{"0":3,"1":3},"b":{}}
,"C:\\Users\\nugra\\workspace\\project\\node-jest\\src\\index.ts": {"path":"C:\\Users\\nugra\\workspace\\project\\node-jest\\src\\index.ts","statementMap":{"0":{"start":{"line":7,"column":0},"end":{"line":7,"column":7}},"1":{"start":{"line":1,"column":0},"end":{"line":1,"column":45}},"2":{"start":{"line":3,"column":0},"end":{"line":5,"column":1}},"3":{"start":{"line":4,"column":2},"end":{"line":4,"column":30}},"4":{"start":{"line":8,"column":22},"end":{"line":8,"column":39}},"5":{"start":{"line":9,"column":15},"end":{"line":9,"column":56}},"6":{"start":{"line":10,"column":2},"end":{"line":10,"column":37}},"7":{"start":{"line":11,"column":2},"end":{"line":11,"column":50}}},"fnMap":{"0":{"name":"main","decl":{"start":{"line":7,"column":22},"end":{"line":7,"column":26}},"loc":{"start":{"line":7,"column":26},"end":{"line":12,"column":1}}}},"branchMap":{"0":{"loc":{"start":{"line":3,"column":0},"end":{"line":5,"column":1}},"type":"if","locations":[{"start":{"line":3,"column":0},"end":{"line":5,"column":1}},{"start":{},"end":{}}]}},"s":{"0":3,"1":3,"2":3,"3":1,"4":2,"5":2,"6":2,"7":2},"f":{"0":2},"b":{"0":[1,2]}}
,"C:\\Users\\nugra\\workspace\\project\\node-jest\\src\\server.ts": {"path":"C:\\Users\\nugra\\workspace\\project\\node-jest\\src\\server.ts","statementMap":{"0":{"start":{"line":11,"column":0},"end":{"line":11,"column":16}},"1":{"start":{"line":1,"column":0},"end":{"line":1,"column":28}},"2":{"start":{"line":7,"column":0},"end":{"line":9,"column":1}},"3":{"start":{"line":8,"column":4},"end":{"line":8,"column":11}},"4":{"start":{"line":12,"column":20},"end":{"line":19,"column":6}},"5":{"start":{"line":13,"column":19},"end":{"line":13,"column":80}},"6":{"start":{"line":13,"column":42},"end":{"line":13,"column":79}},"7":{"start":{"line":15,"column":4},"end":{"line":18,"column":6}},"8":{"start":{"line":16,"column":6},"end":{"line":16,"column":21}},"9":{"start":{"line":17,"column":6},"end":{"line":17,"column":35}},"10":{"start":{"line":21,"column":2},"end":{"line":21,"column":34}},"11":{"start":{"line":22,"column":2},"end":{"line":22,"column":35}}},"fnMap":{"0":{"name":"main","decl":{"start":{"line":11,"column":16},"end":{"line":11,"column":20}},"loc":{"start":{"line":11,"column":20},"end":{"line":23,"column":1}}},"1":{"name":"(anonymous_1)","decl":{"start":{"line":12,"column":21},"end":{"line":12,"column":24}},"loc":{"start":{"line":12,"column":26},"end":{"line":19,"column":3}}},"2":{"name":"(anonymous_2)","decl":{"start":{"line":13,"column":36},"end":{"line":13,"column":39}},"loc":{"start":{"line":13,"column":42},"end":{"line":13,"column":79}}},"3":{"name":"(anonymous_3)","decl":{"start":{"line":15,"column":11},"end":{"line":15,"column":14}},"loc":{"start":{"line":15,"column":16},"end":{"line":18,"column":5}}}},"branchMap":{"0":{"loc":{"start":{"line":7,"column":0},"end":{"line":9,"column":1}},"type":"if","locations":[{"start":{"line":7,"column":0},"end":{"line":9,"column":1}},{"start":{},"end":{}}]}},"s":{"0":3,"1":3,"2":3,"3":1,"4":5,"5":5,"6":5,"7":5,"8":2,"9":2,"10":5,"11":5},"f":{"0":5,"1":5,"2":5,"3":2},"b":{"0":[1,2]}}
,"C:\\Users\\nugra\\workspace\\project\\node-jest\\src\\user-service.ts": {"path":"C:\\Users\\nugra\\workspace\\project\\node-jest\\src\\user-service.ts","statementMap":{"0":{"start":{"line":1,"column":0},"end":{"line":1,"column":32}},"1":{"start":{"line":2,"column":0},"end":{"line":2,"column":36}},"2":{"start":{"line":6,"column":12},"end":{"line":6,"column":27}},"3":{"start":{"line":7,"column":12},"end":{"line":7,"column":20}},"4":{"start":{"line":11,"column":17},"end":{"line":11,"column":42}},"5":{"start":{"line":12,"column":4},"end":{"line":12,"column":67}},"6":{"start":{"line":16,"column":26},"end":{"line":16,"column":53}},"7":{"start":{"line":17,"column":4},"end":{"line":17,"column":56}},"8":{"start":{"line":4,"column":0},"end":{"line":4,"column":13}}},"fnMap":{"0":{"name":"(anonymous_0)","decl":{"start":{"line":5,"column":2},"end":{"line":5,"column":null}},"loc":{"start":{"line":7,"column":29},"end":{"line":8,"column":6}}},"1":{"name":"(anonymous_1)","decl":{"start":{"line":10,"column":2},"end":{"line":10,"column":7}},"loc":{"start":{"line":10,"column":35},"end":{"line":13,"column":3}}},"2":{"name":"(anonymous_2)","decl":{"start":{"line":15,"column":2},"end":{"line":15,"column":7}},"loc":{"start":{"line":15,"column":43},"end":{"line":18,"column":3}}}},"branchMap":{"0":{"loc":{"start":{"line":6,"column":12},"end":{"line":6,"column":41}},"type":"default-arg","locations":[{"start":{"line":6,"column":27},"end":{"line":6,"column":41}}]},"1":{"loc":{"start":{"line":7,"column":12},"end":{"line":7,"column":29}},"type":"default-arg","locations":[{"start":{"line":7,"column":20},"end":{"line":7,"column":29}}]}},"s":{"0":4,"1":4,"2":6,"3":6,"4":4,"5":3,"6":4,"7":4,"8":4},"f":{"0":6,"1":4,"2":4},"b":{"0":[2],"1":[2]}}
,"C:\\Users\\nugra\\workspace\\project\\node-jest\\src\\utils.ts": {"path":"C:\\Users\\nugra\\workspace\\project\\node-jest\\src\\utils.ts","statementMap":{"0":{"start":{"line":1,"column":13},"end":{"line":5,"column":2}},"1":{"start":{"line":3,"column":4},"end":{"line":3,"column":30}}},"fnMap":{"0":{"name":"(anonymous_0)","decl":{"start":{"line":2,"column":2},"end":{"line":2,"column":12}},"loc":{"start":{"line":2,"column":25},"end":{"line":4,"column":3}}}},"branchMap":{},"s":{"0":4,"1":8},"f":{"0":8},"b":{}}
}
