TN:
SF:src\app-with-database.ts
FN:4,createApp
FN:8,(anonymous_2)
FNF:2
FNH:2
FNDA:5,createApp
FNDA:7,(anonymous_2)
DA:1,1
DA:4,1
DA:5,5
DA:7,5
DA:8,5
DA:9,7
DA:10,7
DA:11,3
DA:12,3
DA:15,4
DA:17,4
DA:19,5
LF:12
LH:12
BRDA:10,0,0,3
BRDA:10,0,1,4
BRDA:10,1,0,7
BRDA:10,1,1,5
BRF:4
BRH:4
end_of_record
TN:
SF:src\app.ts
FN:7,(anonymous_1)
FNF:1
FNH:1
FNDA:6,(anonymous_1)
DA:1,1
DA:4,1
DA:6,1
DA:7,1
DA:8,6
DA:9,6
DA:10,3
DA:11,3
DA:14,3
LF:9
LH:9
BRDA:9,0,0,3
BRDA:9,0,1,3
BRDA:9,1,0,6
BRDA:9,1,1,4
BRF:4
BRH:4
end_of_record
TN:
SF:src\calculator.ts
FN:2,(anonymous_0)
FN:6,(anonymous_1)
FNF:2
FNH:2
FNDA:3,(anonymous_0)
FNDA:3,(anonymous_1)
DA:1,1
DA:3,3
DA:7,3
LF:3
LH:3
BRF:0
BRH:0
end_of_record
TN:
SF:src\database.ts
FN:8,(anonymous_1)
FN:23,getUser
FN:34,createUser
FNF:3
FNH:3
FNDA:6,(anonymous_1)
FNDA:3,getUser
FNDA:2,createUser
DA:1,1
DA:8,1
DA:15,6
DA:24,3
DA:31,2
DA:38,2
DA:44,1
DA:47,6
LF:8
LH:8
BRF:0
BRH:0
end_of_record
TN:
SF:src\db.ts
FN:2,(anonymous_0)
FN:7,(anonymous_1)
FNF:2
FNH:2
FNDA:3,(anonymous_0)
FNDA:3,(anonymous_1)
DA:1,4
DA:4,3
DA:9,3
LF:3
LH:3
BRF:0
BRH:0
end_of_record
TN:
SF:src\index.ts
FN:7,main
FNF:1
FNH:1
FNDA:2,main
DA:1,3
DA:3,3
DA:4,1
DA:7,3
DA:8,2
DA:9,2
DA:10,2
DA:11,2
LF:8
LH:8
BRDA:3,0,0,1
BRDA:3,0,1,2
BRF:2
BRH:2
end_of_record
TN:
SF:src\server.ts
FN:11,main
FN:12,(anonymous_1)
FN:13,(anonymous_2)
FN:15,(anonymous_3)
FNF:4
FNH:4
FNDA:5,main
FNDA:5,(anonymous_1)
FNDA:5,(anonymous_2)
FNDA:2,(anonymous_3)
DA:1,3
DA:7,3
DA:8,1
DA:11,3
DA:12,5
DA:13,5
DA:15,5
DA:16,2
DA:17,2
DA:21,5
DA:22,5
LF:11
LH:11
BRDA:7,0,0,1
BRDA:7,0,1,2
BRF:2
BRH:2
end_of_record
TN:
SF:src\user-service.ts
FN:5,(anonymous_0)
FN:10,(anonymous_1)
FN:15,(anonymous_2)
FNF:3
FNH:3
FNDA:6,(anonymous_0)
FNDA:4,(anonymous_1)
FNDA:4,(anonymous_2)
DA:1,4
DA:2,4
DA:4,4
DA:6,6
DA:7,6
DA:11,4
DA:12,3
DA:16,4
DA:17,4
LF:9
LH:9
BRDA:6,0,0,2
BRDA:7,1,0,2
BRF:2
BRH:2
end_of_record
TN:
SF:src\utils.ts
FN:2,(anonymous_0)
FNF:1
FNH:1
FNDA:8,(anonymous_0)
DA:1,4
DA:3,8
LF:2
LH:2
BRF:0
BRH:0
end_of_record
